Performing C++ SOURCE FILE Test COMPILER_HAS_DEPRECATED_ATTR failed with the following output:
Change Dir: C:/Users/issac/source/repos/OWA/Stormwater-Management-Model/buildprod/CMakeFiles/CMakeScratch/TryCompile-hc2ged

Run Build Command(s):C:/Program Files (x86)/Microsoft Visual Studio/2019/Community/MSBuild/Current/Bin/MSBuild.exe cmTC_7de2e.vcxproj /p:Configuration=Debug /p:Platform=x64 /p:VisualStudioVersion=16.0 /v:m && Microsoft (R) Build Engine version 16.11.2+f32259642 for .NET Framework
Copyright (C) Microsoft Corporation. All rights reserved.

  Microsoft (R) C/C++ Optimizing Compiler Version 19.29.30147 for x64
  Copyright (C) Microsoft Corporation.  All rights reserved.
  src.cxx
  cl /c /Zi /W3 /WX- /diagnostics:column /Od /Ob0 /D _MBCS /D WIN32 /D _WINDOWS /D COMPILER_HAS_DEPRECATED_ATTR /D "CMAKE_INTDIR=\"Debug\"" /Gm- /EHsc /RTC1 /MDd /GS /fp:precise /Zc:wchar_t /Zc:forScope /Zc:inline /GR /Fo"cmTC_7de2e.dir\Debug\\" /Fd"cmTC_7de2e.dir\Debug\vc142.pdb" /external:W3 /Gd /TP /errorReport:queue "C:\Users\issac\source\repos\OWA\Stormwater-Management-Model\buildprod\CMakeFiles\CMakeScratch\TryCompile-hc2ged\src.cxx"
C:\Users\issac\source\repos\OWA\Stormwater-Management-Model\buildprod\CMakeFiles\CMakeScratch\TryCompile-hc2ged\src.cxx(1,16): error C2065: '__deprecated__': undeclared identifier [C:\Users\issac\source\repos\OWA\Stormwater-Management-Model\buildprod\CMakeFiles\CMakeScratch\TryCompile-hc2ged\cmTC_7de2e.vcxproj]
C:\Users\issac\source\repos\OWA\Stormwater-Management-Model\buildprod\CMakeFiles\CMakeScratch\TryCompile-hc2ged\src.cxx(1,31): error C4430: missing type specifier - int assumed. Note: C++ does not support default-int [C:\Users\issac\source\repos\OWA\Stormwater-Management-Model\buildprod\CMakeFiles\CMakeScratch\TryCompile-hc2ged\cmTC_7de2e.vcxproj]
C:\Users\issac\source\repos\OWA\Stormwater-Management-Model\buildprod\CMakeFiles\CMakeScratch\TryCompile-hc2ged\src.cxx(1,33): error C2062: type 'int' unexpected [C:\Users\issac\source\repos\OWA\Stormwater-Management-Model\buildprod\CMakeFiles\CMakeScratch\TryCompile-hc2ged\cmTC_7de2e.vcxproj]
C:\Users\issac\source\repos\OWA\Stormwater-Management-Model\buildprod\CMakeFiles\CMakeScratch\TryCompile-hc2ged\src.cxx(1,48): error C2143: syntax error: missing ';' before '{' [C:\Users\issac\source\repos\OWA\Stormwater-Management-Model\buildprod\CMakeFiles\CMakeScratch\TryCompile-hc2ged\cmTC_7de2e.vcxproj]
C:\Users\issac\source\repos\OWA\Stormwater-Management-Model\buildprod\CMakeFiles\CMakeScratch\TryCompile-hc2ged\src.cxx(1,48): error C2447: '{': missing function header (old-style formal list?) [C:\Users\issac\source\repos\OWA\Stormwater-Management-Model\buildprod\CMakeFiles\CMakeScratch\TryCompile-hc2ged\cmTC_7de2e.vcxproj]
C:\Users\issac\source\repos\OWA\Stormwater-Management-Model\buildprod\CMakeFiles\CMakeScratch\TryCompile-hc2ged\src.cxx(2,25): error C3861: 'somefunc': identifier not found [C:\Users\issac\source\repos\OWA\Stormwater-Management-Model\buildprod\CMakeFiles\CMakeScratch\TryCompile-hc2ged\cmTC_7de2e.vcxproj]


Source file was:
__attribute__((__deprecated__)) int somefunc() { return 0; }
    int main() { return somefunc();}

